{
  "RSpec": {
    "coverage": {
      "/Users/showwin/Develop/Ruby/fc2play/app/models/fav.rb": [
        1,
        1,
        1,
        null,
        1,
        1,
        null,
        1,
        null,
        null,
        0,
        null,
        null,
        1,
        0,
        null,
        null,
        1,
        0,
        null,
        null,
        null
      ],
      "/Users/showwin/Develop/Ruby/fc2play/app/models/history.rb": [
        1,
        1,
        1,
        null,
        1,
        null,
        null,
        null,
        0,
        null,
        null,
        1,
        null,
        null,
        0,
        null,
        null,
        1,
        0,
        null,
        null,
        1,
        0,
        null,
        null,
        1,
        1,
        1,
        null,
        null,
        null,
        1,
        2,
        2,
        null,
        null,
        null,
        1,
        1,
        1,
        1,
        15,
        15,
        15,
        null,
        1,
        6,
        null,
        1,
        null,
        null,
        null
      ],
      "/Users/showwin/Develop/Ruby/fc2play/app/models/user.rb": [
        1,
        1,
        1,
        1,
        1,
        1,
        null,
        1,
        0,
        null,
        null,
        1,
        0,
        null,
        null,
        1,
        0,
        null,
        null,
        null
      ],
      "/Users/showwin/Develop/Ruby/fc2play/app/models/video.rb": [
        1,
        1,
        1,
        null,
        1,
        1,
        1,
        1,
        1,
        1,
        1,
        1,
        1,
        1,
        1,
        1,
        null,
        null,
        1,
        null,
        8,
        8,
        null,
        8,
        null,
        1,
        4,
        8,
        null,
        1,
        3,
        6,
        null,
        1,
        0,
        0,
        null,
        1,
        0,
        null,
        0,
        null,
        0,
        null,
        0,
        null,
        null,
        1,
        0,
        null,
        0,
        null,
        0,
        null,
        0,
        null,
        0,
        null,
        null,
        1,
        null,
        null,
        null,
        null,
        0,
        null,
        null,
        null,
        1,
        0,
        0,
        0,
        0,
        null,
        0,
        null,
        null,
        null,
        1,
        0,
        0,
        null,
        null,
        null,
        1,
        0,
        null,
        null,
        null,
        1,
        1,
        1,
        1,
        1,
        1,
        1,
        1,
        1,
        1,
        null,
        null,
        1,
        0,
        null,
        null,
        null,
        1,
        0,
        null,
        null,
        1,
        0,
        null,
        null,
        0,
        0,
        0,
        0,
        null,
        null,
        0,
        0,
        0,
        0,
        null,
        null,
        null,
        1,
        0,
        0,
        0,
        0,
        0,
        0,
        0,
        0,
        0,
        0,
        0,
        null,
        0,
        0,
        0,
        0,
        0,
        null,
        0,
        0,
        null,
        null,
        null,
        null,
        null,
        1,
        0,
        null,
        0,
        null,
        0,
        null,
        0,
        null,
        null,
        null,
        null,
        null
      ],
      "/Users/showwin/Develop/Ruby/fc2play/app/helpers/application_helper.rb": [
        1,
        null
      ],
      "/Users/showwin/Develop/Ruby/fc2play/app/helpers/favs_helper.rb": [
        1,
        null
      ],
      "/Users/showwin/Develop/Ruby/fc2play/app/helpers/histories_helper.rb": [
        1,
        null
      ],
      "/Users/showwin/Develop/Ruby/fc2play/app/helpers/home_helper.rb": [
        1,
        null
      ],
      "/Users/showwin/Develop/Ruby/fc2play/app/helpers/sessions_helper.rb": [
        1,
        null
      ],
      "/Users/showwin/Develop/Ruby/fc2play/app/helpers/surveys_helper.rb": [
        1,
        null
      ],
      "/Users/showwin/Develop/Ruby/fc2play/app/helpers/users_helper.rb": [
        1,
        null
      ],
      "/Users/showwin/Develop/Ruby/fc2play/app/models/weekly_rank.rb": [
        1,
        1,
        null,
        null,
        1,
        3,
        3,
        300,
        300,
        null,
        null,
        null,
        1,
        0,
        0,
        0,
        0,
        null,
        0,
        null,
        null,
        null
      ],
      "/Users/showwin/Develop/Ruby/fc2play/app/models/monthly_rank.rb": [
        1,
        1,
        null,
        null,
        1,
        3,
        3,
        300,
        300,
        null,
        null,
        null,
        1,
        0,
        0,
        0,
        0,
        null,
        0,
        null,
        null
      ]
    },
    "timestamp": 1415021825
  }
}
