{
  "RSpec": {
    "coverage": {
      "/Users/showwin/Develop/Ruby/fc2play/app/models/fav.rb": [
        1,
        1,
        1,
        null,
        1,
        1,
        null,
        1,
        null,
        null,
        13,
        null,
        null,
        1,
        7,
        null,
        null,
        1,
        6,
        null,
        null,
        null
      ],
      "/Users/showwin/Develop/Ruby/fc2play/app/models/history.rb": [
        1,
        1,
        1,
        null,
        1,
        null,
        null,
        null,
        2,
        null,
        null,
        1,
        null,
        null,
        962,
        null,
        null,
        1,
        481,
        null,
        null,
        1,
        481,
        null,
        null,
        1,
        2,
        2,
        null,
        null,
        null,
        1,
        0,
        0,
        null,
        null,
        null,
        1,
        2,
        2,
        2,
        30,
        30,
        30,
        null,
        2,
        12,
        null,
        2,
        null,
        null,
        null
      ],
      "/Users/showwin/Develop/Ruby/fc2play/app/models/user.rb": [
        1,
        1,
        1,
        1,
        1,
        1,
        null,
        1,
        7,
        null,
        null,
        1,
        13,
        null,
        null,
        1,
        2,
        null,
        null,
        null
      ],
      "/Users/showwin/Develop/Ruby/fc2play/app/models/video.rb": [
        1,
        1,
        1,
        null,
        1,
        1,
        1,
        1,
        1,
        1,
        1,
        1,
        1,
        1,
        1,
        1,
        null,
        1,
        1,
        1,
        1,
        2,
        null,
        1,
        10,
        6,
        null,
        1,
        6,
        null,
        2,
        null,
        1,
        null,
        2,
        null,
        null,
        1,
        6,
        null,
        1,
        null,
        1,
        null,
        1,
        null,
        1,
        null,
        null,
        1,
        null,
        null,
        null,
        null,
        6,
        null,
        null,
        1,
        0,
        0,
        null,
        null,
        null,
        1,
        2,
        2,
        1,
        1,
        null,
        1,
        null,
        null,
        null,
        1,
        0,
        null,
        null,
        null,
        1,
        1,
        1,
        1,
        1,
        1,
        1,
        1,
        1,
        1,
        null,
        null,
        1,
        0,
        null,
        0,
        null,
        null,
        null,
        1,
        0,
        null,
        null,
        1,
        4,
        null,
        null,
        4,
        10,
        10,
        10,
        null,
        null,
        4,
        2,
        2,
        2,
        null,
        null,
        null,
        1,
        12,
        12,
        12,
        600,
        54,
        54,
        54,
        54,
        54,
        54,
        54,
        null,
        54,
        3,
        3,
        3,
        3,
        null,
        51,
        51,
        null,
        null,
        null,
        null,
        null,
        1,
        600,
        null,
        100,
        null,
        500,
        null,
        500,
        null,
        null,
        null,
        null,
        null
      ],
      "/Users/showwin/Develop/Ruby/fc2play/app/helpers/application_helper.rb": [
        1,
        null
      ],
      "/Users/showwin/Develop/Ruby/fc2play/app/helpers/favs_helper.rb": [
        1,
        null
      ],
      "/Users/showwin/Develop/Ruby/fc2play/app/helpers/histories_helper.rb": [
        1,
        null
      ],
      "/Users/showwin/Develop/Ruby/fc2play/app/helpers/home_helper.rb": [
        1,
        null
      ],
      "/Users/showwin/Develop/Ruby/fc2play/app/helpers/sessions_helper.rb": [
        1,
        null
      ],
      "/Users/showwin/Develop/Ruby/fc2play/app/helpers/surveys_helper.rb": [
        1,
        null
      ],
      "/Users/showwin/Develop/Ruby/fc2play/app/helpers/users_helper.rb": [
        1,
        null
      ],
      "/Users/showwin/Develop/Ruby/fc2play/app/controllers/bug_reports_controller.rb": [
        1,
        null,
        1,
        null,
        1,
        2,
        2,
        1,
        null,
        1,
        null,
        null,
        null,
        null
      ],
      "/Users/showwin/Develop/Ruby/fc2play/app/controllers/application_controller.rb": [
        1,
        null,
        null,
        1,
        null,
        null,
        1,
        1,
        1,
        null,
        null,
        1,
        0,
        0,
        null,
        0,
        0,
        null,
        null,
        null,
        1,
        2,
        2,
        null,
        2,
        4,
        null,
        null,
        null,
        null,
        1,
        null,
        1,
        1,
        1,
        1,
        1,
        1,
        null,
        0,
        null,
        null,
        null,
        1,
        2,
        2,
        2,
        null,
        0,
        0,
        0,
        null,
        2,
        2,
        2,
        2,
        2,
        2,
        2,
        2,
        2,
        2,
        2,
        0,
        null,
        null,
        null,
        1,
        6,
        6,
        0,
        null,
        6,
        null,
        null,
        1,
        1,
        1,
        1,
        1,
        null,
        null,
        1,
        null,
        null,
        1,
        6,
        1,
        1,
        1,
        5,
        3,
        3,
        null,
        2,
        2,
        null,
        null,
        null,
        1,
        5,
        null,
        0,
        null,
        0,
        null,
        3,
        null,
        2,
        null,
        null,
        null,
        1,
        0,
        0,
        null,
        0,
        null,
        null,
        null,
        1,
        45,
        null,
        1,
        null,
        1,
        36,
        null,
        null,
        1,
        19,
        null,
        null,
        null
      ],
      "/Users/showwin/Develop/Ruby/fc2play/app/controllers/favs_controller.rb": [
        1,
        1,
        null,
        1,
        1,
        null,
        1,
        3,
        2,
        null,
        1,
        null,
        3,
        null,
        null,
        1,
        5,
        5,
        1,
        null,
        2,
        null,
        2,
        null,
        0,
        null,
        5,
        null,
        null,
        null,
        1,
        3,
        2,
        null,
        1,
        null,
        3,
        null,
        null,
        1,
        null,
        1,
        6,
        null,
        null,
        null,
        1,
        13,
        null,
        null,
        null
      ],
      "/Users/showwin/Develop/Ruby/fc2play/app/controllers/home_controller.rb": [
        1,
        1,
        1,
        1,
        null,
        1,
        1,
        null,
        null,
        1,
        0,
        null,
        null,
        1,
        1,
        null,
        null,
        1,
        1,
        null,
        null,
        1,
        null,
        null,
        null,
        null,
        null,
        null,
        null,
        null,
        null,
        null,
        null,
        2,
        1,
        1,
        null,
        1,
        1,
        1,
        null,
        1,
        null,
        0,
        0,
        0,
        0,
        0,
        null,
        1,
        1,
        1,
        1,
        null,
        null,
        null,
        1,
        1,
        1,
        1,
        null,
        1,
        1,
        1,
        null,
        null,
        null,
        1,
        3,
        3,
        2,
        2,
        null,
        1,
        null,
        3,
        null,
        null,
        1,
        2,
        2,
        1,
        null,
        0,
        null,
        1,
        1,
        null,
        null,
        1,
        1,
        1,
        null,
        null,
        1,
        null,
        1,
        1,
        1,
        1,
        null,
        null,
        1,
        0,
        null,
        0,
        null,
        0,
        null,
        0,
        0,
        null,
        null,
        null,
        1,
        0,
        0,
        0,
        0,
        0,
        null,
        null,
        null,
        1,
        0,
        0,
        0,
        null,
        0,
        null,
        null,
        null,
        1,
        0,
        null,
        null,
        1,
        1,
        1,
        0,
        0,
        null,
        null,
        null,
        1,
        1,
        1,
        1,
        1,
        1,
        null,
        null,
        1,
        1,
        1,
        1,
        null,
        null,
        1,
        1,
        1,
        null,
        0,
        null,
        null,
        null,
        1,
        1,
        1,
        1,
        1,
        1,
        1,
        1,
        1,
        1,
        null,
        1,
        1,
        1,
        null,
        null,
        null
      ],
      "/Users/showwin/Develop/Ruby/fc2play/app/controllers/sessions_controller.rb": [
        1,
        1,
        null,
        null,
        null,
        1,
        5,
        5,
        1,
        1,
        null,
        4,
        null,
        5,
        null,
        null,
        null,
        1,
        2,
        2,
        2,
        null,
        null
      ],
      "/Users/showwin/Develop/Ruby/fc2play/app/controllers/surveys_controller.rb": [
        1,
        1,
        null,
        1,
        1,
        1,
        null,
        null,
        1,
        4,
        4,
        2,
        2,
        null,
        2,
        null,
        null,
        null,
        1,
        null,
        1,
        4,
        null,
        null
      ],
      "/Users/showwin/Develop/Ruby/fc2play/app/controllers/users_controller.rb": [
        1,
        1,
        1,
        null,
        1,
        5,
        5,
        5,
        1,
        null,
        1,
        null,
        2,
        null,
        1,
        null,
        5,
        null,
        null,
        1,
        2,
        2,
        2,
        null,
        0,
        null,
        2,
        null,
        null,
        1,
        2,
        2,
        1,
        null,
        1,
        null,
        2,
        null,
        null,
        1,
        null,
        1,
        4,
        null,
        null,
        1,
        13,
        null,
        null,
        1,
        3,
        null,
        null
      ],
      "/Users/showwin/Develop/Ruby/fc2play/app/models/bug_report.rb": [
        1,
        null,
        1,
        null,
        null
      ],
      "/Users/showwin/Develop/Ruby/fc2play/app/models/monthly_rank.rb": [
        1,
        1,
        null,
        null,
        1,
        1,
        null,
        1,
        null,
        1,
        500,
        null,
        null,
        1,
        null,
        1,
        500,
        null,
        null,
        1,
        1,
        10,
        null,
        1021,
        null,
        1,
        1,
        1,
        301,
        1,
        null,
        300,
        null,
        null,
        1,
        null,
        null,
        1,
        0,
        0,
        0,
        0,
        null,
        0,
        0,
        null,
        null
      ],
      "/Users/showwin/Develop/Ruby/fc2play/app/models/new_arrival.rb": [
        1,
        1,
        null,
        null,
        1,
        1,
        1,
        23,
        23,
        23,
        null,
        11,
        null,
        1,
        null,
        2,
        null,
        23,
        null,
        null,
        null,
        null,
        23,
        null,
        1,
        1,
        null,
        null
      ],
      "/Users/showwin/Develop/Ruby/fc2play/app/models/record.rb": [
        1,
        null,
        1,
        null,
        null,
        978,
        null,
        null,
        1,
        3,
        3,
        3,
        3,
        480,
        480,
        null,
        null,
        null,
        1,
        1,
        null,
        null,
        1,
        null,
        481,
        481,
        481,
        481,
        null,
        481,
        481,
        481,
        481,
        null,
        481,
        481,
        481,
        481,
        null,
        481,
        481,
        481,
        481,
        null,
        481,
        481,
        481,
        481,
        null,
        481,
        481,
        481,
        481,
        null,
        null,
        1,
        2,
        2,
        2,
        163,
        163,
        163,
        163,
        163,
        163,
        163,
        null,
        2,
        2,
        2,
        2,
        2,
        2,
        2,
        null,
        null,
        null
      ],
      "/Users/showwin/Develop/Ruby/fc2play/app/models/search_his.rb": [
        1,
        null,
        1,
        2,
        2,
        null,
        null,
        null
      ],
      "/Users/showwin/Develop/Ruby/fc2play/app/models/survey.rb": [
        1,
        null,
        1,
        null,
        null,
        1,
        2,
        2,
        2,
        10,
        null,
        2,
        null,
        null,
        null
      ],
      "/Users/showwin/Develop/Ruby/fc2play/app/models/weekly_rank.rb": [
        1,
        1,
        null,
        null,
        1,
        null,
        0,
        0,
        0,
        0,
        0,
        0,
        0,
        0,
        null,
        0,
        0,
        0,
        null,
        0,
        null,
        0,
        0,
        0,
        null,
        null,
        null,
        0,
        null,
        0,
        0,
        0,
        null,
        0,
        0,
        0,
        null,
        0,
        null,
        null,
        0,
        null,
        null,
        0,
        0,
        0,
        0,
        0,
        null,
        0,
        null,
        null,
        0,
        null,
        null,
        1,
        0,
        0,
        0,
        0,
        null,
        0,
        0,
        null,
        null,
        null
      ]
    },
    "timestamp": 1426467480
  }
}
